0 info it worked if it ends with ok
1 verbose cli [ '/home/hector/.nvm/v0.10.38/bin/node',
1 verbose cli   '/home/hector/.nvm/v0.10.38/bin/npm',
1 verbose cli   'install',
1 verbose cli   'Gruntfile' ]
2 info using npm@1.4.28
3 info using node@v0.10.38
4 verbose cache add [ 'Gruntfile', null ]
5 verbose cache add name=undefined spec="Gruntfile" args=["Gruntfile",null]
6 verbose parsed url { protocol: null,
6 verbose parsed url   slashes: null,
6 verbose parsed url   auth: null,
6 verbose parsed url   host: null,
6 verbose parsed url   port: null,
6 verbose parsed url   hostname: null,
6 verbose parsed url   hash: null,
6 verbose parsed url   search: null,
6 verbose parsed url   query: null,
6 verbose parsed url   pathname: 'Gruntfile',
6 verbose parsed url   path: 'Gruntfile',
6 verbose parsed url   href: 'Gruntfile' }
7 silly lockFile 4c78ef41-Gruntfile Gruntfile
8 verbose lock Gruntfile /home/hector/.npm/4c78ef41-Gruntfile.lock
9 silly lockFile 4c78ef41-Gruntfile Gruntfile
10 silly lockFile 4c78ef41-Gruntfile Gruntfile
11 verbose addNamed [ 'Gruntfile', '' ]
12 verbose addNamed [ null, '*' ]
13 silly lockFile 49910011-Gruntfile Gruntfile@
14 verbose lock Gruntfile@ /home/hector/.npm/49910011-Gruntfile.lock
15 silly addNameRange { name: 'Gruntfile', range: '*', hasData: false }
16 verbose request where is /Gruntfile
17 verbose request registry https://registry.npmjs.org/
18 verbose request id d11abd5d0d4f3b2a
19 verbose url raw /Gruntfile
20 verbose url resolving [ 'https://registry.npmjs.org/', './Gruntfile' ]
21 verbose url resolved https://registry.npmjs.org/Gruntfile
22 verbose request where is https://registry.npmjs.org/Gruntfile
23 info trying registry request attempt 1 at 19:17:35
24 http GET https://registry.npmjs.org/Gruntfile
25 http 404 https://registry.npmjs.org/Gruntfile
26 verbose headers { server: 'CouchDB/1.5.0 (Erlang OTP/R16B03)',
26 verbose headers   'content-type': 'application/json',
26 verbose headers   'cache-control': 'max-age=0',
26 verbose headers   'content-length': '51',
26 verbose headers   'accept-ranges': 'bytes',
26 verbose headers   date: 'Sun, 24 May 2015 23:47:35 GMT',
26 verbose headers   via: '1.1 varnish',
26 verbose headers   age: '0',
26 verbose headers   connection: 'keep-alive',
26 verbose headers   'x-served-by': 'cache-atl6229-ATL',
26 verbose headers   'x-cache': 'MISS',
26 verbose headers   'x-cache-hits': '0',
26 verbose headers   'x-timer': 'S1432511255.641156,VS0,VE80' }
27 silly registry.get cb [ 404,
27 silly registry.get   { server: 'CouchDB/1.5.0 (Erlang OTP/R16B03)',
27 silly registry.get     'content-type': 'application/json',
27 silly registry.get     'cache-control': 'max-age=0',
27 silly registry.get     'content-length': '51',
27 silly registry.get     'accept-ranges': 'bytes',
27 silly registry.get     date: 'Sun, 24 May 2015 23:47:35 GMT',
27 silly registry.get     via: '1.1 varnish',
27 silly registry.get     age: '0',
27 silly registry.get     connection: 'keep-alive',
27 silly registry.get     'x-served-by': 'cache-atl6229-ATL',
27 silly registry.get     'x-cache': 'MISS',
27 silly registry.get     'x-cache-hits': '0',
27 silly registry.get     'x-timer': 'S1432511255.641156,VS0,VE80' } ]
28 silly lockFile 49910011-Gruntfile Gruntfile@
29 silly lockFile 49910011-Gruntfile Gruntfile@
30 error 404 404 Not Found: Gruntfile
30 error 404
30 error 404 'Gruntfile' is not in the npm registry.
30 error 404 You should bug the author to publish it
30 error 404
30 error 404 Note that you can also install from a
30 error 404 tarball, folder, or http url, or git url.
31 error System Linux 3.16.0-38-generic
32 error command "/home/hector/.nvm/v0.10.38/bin/node" "/home/hector/.nvm/v0.10.38/bin/npm" "install" "Gruntfile"
33 error cwd /home/hector/hack/retos/rails/todo-two/w_14_d_66_ch42_aballera523/back_todo
34 error node -v v0.10.38
35 error npm -v 1.4.28
36 error code E404
37 verbose exit [ 1, true ]
