0 info it worked if it ends with ok
1 verbose cli [ '/home/hector/.nvm/v0.10.38/bin/node',
1 verbose cli   '/home/hector/.nvm/v0.10.38/bin/npm',
1 verbose cli   'install',
1 verbose cli   'Gruntfile.js' ]
2 info using npm@1.4.28
3 info using node@v0.10.38
4 warn package.json front-todo@ No description
5 warn package.json front-todo@ No repository field.
6 warn package.json front-todo@ No README data
7 verbose readDependencies using package.json deps
8 verbose cache add [ 'Gruntfile.js', null ]
9 verbose cache add name=undefined spec="Gruntfile.js" args=["Gruntfile.js",null]
10 verbose parsed url { protocol: null,
10 verbose parsed url   slashes: null,
10 verbose parsed url   auth: null,
10 verbose parsed url   host: null,
10 verbose parsed url   port: null,
10 verbose parsed url   hostname: null,
10 verbose parsed url   hash: null,
10 verbose parsed url   search: null,
10 verbose parsed url   query: null,
10 verbose parsed url   pathname: 'Gruntfile.js',
10 verbose parsed url   path: 'Gruntfile.js',
10 verbose parsed url   href: 'Gruntfile.js' }
11 silly lockFile 6a85ad43-Gruntfile-js Gruntfile.js
12 verbose lock Gruntfile.js /home/hector/.npm/6a85ad43-Gruntfile-js.lock
13 verbose chmod /tmp/npm-28373-hxJAlgtf/1432356310452-0.9558398385997862/tmp.tgz 664
14 verbose tar unpack /tmp/npm-28373-hxJAlgtf/1432356310452-0.9558398385997862/tmp.tgz
15 silly lockFile 407c64d3--9558398385997862-tmp-tgz-unpack tar:///tmp/npm-28373-hxJAlgtf/1432356310452-0.9558398385997862/tmp.tgz-unpack
16 verbose lock tar:///tmp/npm-28373-hxJAlgtf/1432356310452-0.9558398385997862/tmp.tgz-unpack /home/hector/.npm/407c64d3--9558398385997862-tmp-tgz-unpack.lock
17 silly lockFile 2aef06a4-10452-0-9558398385997862-tmp-tgz tar:///tmp/npm-28373-hxJAlgtf/1432356310452-0.9558398385997862/tmp.tgz
18 verbose lock tar:///tmp/npm-28373-hxJAlgtf/1432356310452-0.9558398385997862/tmp.tgz /home/hector/.npm/2aef06a4-10452-0-9558398385997862-tmp-tgz.lock
19 silly gunzTarPerm modes [ '775', '664' ]
20 error not a package /tmp/npm-28373-hxJAlgtf/1432356310452-0.9558398385997862/tmp.tgz
21 silly lockFile 407c64d3--9558398385997862-tmp-tgz-unpack tar:///tmp/npm-28373-hxJAlgtf/1432356310452-0.9558398385997862/tmp.tgz-unpack
22 silly lockFile 407c64d3--9558398385997862-tmp-tgz-unpack tar:///tmp/npm-28373-hxJAlgtf/1432356310452-0.9558398385997862/tmp.tgz-unpack
23 silly lockFile 2aef06a4-10452-0-9558398385997862-tmp-tgz tar:///tmp/npm-28373-hxJAlgtf/1432356310452-0.9558398385997862/tmp.tgz
24 silly lockFile 2aef06a4-10452-0-9558398385997862-tmp-tgz tar:///tmp/npm-28373-hxJAlgtf/1432356310452-0.9558398385997862/tmp.tgz
25 silly lockFile 6a85ad43-Gruntfile-js Gruntfile.js
26 silly lockFile 6a85ad43-Gruntfile-js Gruntfile.js
27 verbose addNamed [ 'Gruntfile.js', '' ]
28 verbose addNamed [ null, '*' ]
29 silly lockFile ba80a26e-Gruntfile-js Gruntfile.js@
30 verbose lock Gruntfile.js@ /home/hector/.npm/ba80a26e-Gruntfile-js.lock
31 silly addNameRange { name: 'Gruntfile.js', range: '*', hasData: false }
32 verbose request where is /Gruntfile.js
33 verbose request registry https://registry.npmjs.org/
34 verbose request id 4bef2516c8127920
35 verbose url raw /Gruntfile.js
36 verbose url resolving [ 'https://registry.npmjs.org/', './Gruntfile.js' ]
37 verbose url resolved https://registry.npmjs.org/Gruntfile.js
38 verbose request where is https://registry.npmjs.org/Gruntfile.js
39 info trying registry request attempt 1 at 00:15:10
40 http GET https://registry.npmjs.org/Gruntfile.js
41 http 404 https://registry.npmjs.org/Gruntfile.js
42 verbose headers { server: 'CouchDB/1.5.0 (Erlang OTP/R16B03)',
42 verbose headers   'content-type': 'application/json',
42 verbose headers   'cache-control': 'max-age=0',
42 verbose headers   'content-length': '51',
42 verbose headers   'accept-ranges': 'bytes',
42 verbose headers   date: 'Sat, 23 May 2015 04:45:11 GMT',
42 verbose headers   via: '1.1 varnish',
42 verbose headers   age: '0',
42 verbose headers   connection: 'keep-alive',
42 verbose headers   'x-served-by': 'cache-atl6230-ATL',
42 verbose headers   'x-cache': 'MISS',
42 verbose headers   'x-cache-hits': '0',
42 verbose headers   'x-timer': 'S1432356311.067405,VS0,VE30' }
43 silly registry.get cb [ 404,
43 silly registry.get   { server: 'CouchDB/1.5.0 (Erlang OTP/R16B03)',
43 silly registry.get     'content-type': 'application/json',
43 silly registry.get     'cache-control': 'max-age=0',
43 silly registry.get     'content-length': '51',
43 silly registry.get     'accept-ranges': 'bytes',
43 silly registry.get     date: 'Sat, 23 May 2015 04:45:11 GMT',
43 silly registry.get     via: '1.1 varnish',
43 silly registry.get     age: '0',
43 silly registry.get     connection: 'keep-alive',
43 silly registry.get     'x-served-by': 'cache-atl6230-ATL',
43 silly registry.get     'x-cache': 'MISS',
43 silly registry.get     'x-cache-hits': '0',
43 silly registry.get     'x-timer': 'S1432356311.067405,VS0,VE30' } ]
44 silly lockFile ba80a26e-Gruntfile-js Gruntfile.js@
45 silly lockFile ba80a26e-Gruntfile-js Gruntfile.js@
46 error 404 404 Not Found: Gruntfile.js
46 error 404
46 error 404 'Gruntfile.js' is not in the npm registry.
46 error 404 You should bug the author to publish it
46 error 404 It was specified as a dependency of 'front-todo'
46 error 404
46 error 404 Maybe try 'npm search  runtfile'
46 error 404
46 error 404 Note that you can also install from a
46 error 404 tarball, folder, or http url, or git url.
47 error System Linux 3.16.0-37-generic
48 error command "/home/hector/.nvm/v0.10.38/bin/node" "/home/hector/.nvm/v0.10.38/bin/npm" "install" "Gruntfile.js"
49 error cwd /home/hector/hack/retos/rails/todo-two/w_14_d_66_ch42_aballera523/front_todo
50 error node -v v0.10.38
51 error npm -v 1.4.28
52 error code E404
53 verbose exit [ 1, true ]
